WARNING: A terminally deprecated method in sun.misc.Unsafe has been called
WARNING: sun.misc.Unsafe::staticFieldBase has been called by com.google.inject.internal.aop.HiddenClassDefiner (file:/C:/Users/USER/.m2/wrapper/dists/apache-maven-3.9.11/03d7e36a140982eea48e22c1dcac01d8862b2550b2939e09a0809bbc5182a5bc/lib/guice-5.1.0-classes.jar)
WARNING: Please consider reporting this to the maintainers of class com.google.inject.internal.aop.HiddenClassDefiner
WARNING: sun.misc.Unsafe::staticFieldBase will be removed in a future release
[INFO] Scanning for projects...
[INFO] 
[INFO] ----------------------< com.chronosecure:backend >----------------------
[INFO] Building backend 0.0.1-SNAPSHOT
[INFO]   from pom.xml
[INFO] --------------------------------[ jar ]---------------------------------
[INFO] 
[INFO] >>> spring-boot:3.2.0:run (default-cli) > test-compile @ backend >>>
[INFO] 
[INFO] --- resources:3.3.1:resources (default-resources) @ backend ---
[INFO] Copying 1 resource from src\main\resources to target\classes
[INFO] Copying 2 resources from src\main\resources to target\classes
[INFO] 
[INFO] --- compiler:3.11.0:compile (default-compile) @ backend ---
[INFO] Changes detected - recompiling the module! :source
[INFO] Compiling 63 source files with javac [debug release 21] to target\classes
[INFO] -------------------------------------------------------------
[ERROR] COMPILATION ERROR : 
[INFO] -------------------------------------------------------------
[ERROR] /C:/Users/USER/OneDrive - itum.mrt.ac.lk/Desktop/fingerprint project/chronosecure/backend/src/main/java/com/chronosecure/backend/service/FirebaseSyncService.java:[55,11] unclosed string literal
[ERROR] /C:/Users/USER/OneDrive - itum.mrt.ac.lk/Desktop/fingerprint project/chronosecure/backend/src/main/java/com/chronosecure/backend/service/FirebaseSyncService.java:[56,5] not a statement
[ERROR] /C:/Users/USER/OneDrive - itum.mrt.ac.lk/Desktop/fingerprint project/chronosecure/backend/src/main/java/com/chronosecure/backend/service/FirebaseSyncService.java:[56,6] ';' expected
[ERROR] /C:/Users/USER/OneDrive - itum.mrt.ac.lk/Desktop/fingerprint project/chronosecure/backend/src/main/java/com/chronosecure/backend/service/FirebaseSyncService.java:[60,5] illegal start of expression
[ERROR] /C:/Users/USER/OneDrive - itum.mrt.ac.lk/Desktop/fingerprint project/chronosecure/backend/src/main/java/com/chronosecure/backend/service/FirebaseSyncService.java:[52,11] 'catch' without 'try'
[ERROR] /C:/Users/USER/OneDrive - itum.mrt.ac.lk/Desktop/fingerprint project/chronosecure/backend/src/main/java/com/chronosecure/backend/service/FirebaseSyncService.java:[40,9] 'try' without 'catch', 'finally' or resource declarations
[ERROR] /C:/Users/USER/OneDrive - itum.mrt.ac.lk/Desktop/fingerprint project/chronosecure/backend/src/main/java/com/chronosecure/backend/service/FirebaseSyncService.java:[98,25] ';' expected
[ERROR] /C:/Users/USER/OneDrive - itum.mrt.ac.lk/Desktop/fingerprint project/chronosecure/backend/src/main/java/com/chronosecure/backend/service/FirebaseSyncService.java:[98,36] illegal start of expression
[INFO] 8 errors 
[INFO] -------------------------------------------------------------
[INFO] ------------------------------------------------------------------------
[INFO] BUILD FAILURE
[INFO] ------------------------------------------------------------------------
[INFO] Total time:  3.263 s
[INFO] Finished at: 2026-01-23T04:44:10+05:30
[INFO] ------------------------------------------------------------------------
[ERROR] Failed to execute goal org.apache.maven.plugins:maven-compiler-plugin:3.11.0:compile (default-compile) on project backend: Compilation failure: Compilation failure: 
[ERROR] /C:/Users/USER/OneDrive - itum.mrt.ac.lk/Desktop/fingerprint project/chronosecure/backend/src/main/java/com/chronosecure/backend/service/FirebaseSyncService.java:[55,11] unclosed string literal
[ERROR] /C:/Users/USER/OneDrive - itum.mrt.ac.lk/Desktop/fingerprint project/chronosecure/backend/src/main/java/com/chronosecure/backend/service/FirebaseSyncService.java:[56,5] not a statement
[ERROR] /C:/Users/USER/OneDrive - itum.mrt.ac.lk/Desktop/fingerprint project/chronosecure/backend/src/main/java/com/chronosecure/backend/service/FirebaseSyncService.java:[56,6] ';' expected
[ERROR] /C:/Users/USER/OneDrive - itum.mrt.ac.lk/Desktop/fingerprint project/chronosecure/backend/src/main/java/com/chronosecure/backend/service/FirebaseSyncService.java:[60,5] illegal start of expression
[ERROR] /C:/Users/USER/OneDrive - itum.mrt.ac.lk/Desktop/fingerprint project/chronosecure/backend/src/main/java/com/chronosecure/backend/service/FirebaseSyncService.java:[52,11] 'catch' without 'try'
[ERROR] /C:/Users/USER/OneDrive - itum.mrt.ac.lk/Desktop/fingerprint project/chronosecure/backend/src/main/java/com/chronosecure/backend/service/FirebaseSyncService.java:[40,9] 'try' without 'catch', 'finally' or resource declarations
[ERROR] /C:/Users/USER/OneDrive - itum.mrt.ac.lk/Desktop/fingerprint project/chronosecure/backend/src/main/java/com/chronosecure/backend/service/FirebaseSyncService.java:[98,25] ';' expected
[ERROR] /C:/Users/USER/OneDrive - itum.mrt.ac.lk/Desktop/fingerprint project/chronosecure/backend/src/main/java/com/chronosecure/backend/service/FirebaseSyncService.java:[98,36] illegal start of expression
[ERROR] -> [Help 1]
[ERROR] 
[ERROR] To see the full stack trace of the errors, re-run Maven with the -e switch.
[ERROR] Re-run Maven using the -X switch to enable full debug logging.
[ERROR] 
[ERROR] For more information about the errors and possible solutions, please read the following articles:
[ERROR] [Help 1] http://cwiki.apache.org/confluence/display/MAVEN/MojoFailureException
